C:\USERS\Админ\DOCUMENTS\VISUAL STUDIO 2012\PROJECTS\SOE\SOE\DEBUG\LEVEL.OBJ
C:\USERS\Админ\DOCUMENTS\VISUAL STUDIO 2012\PROJECTS\SOE\SOE\DEBUG\DIALOGFORNEWGAME.OBJ
C:\USERS\Админ\DOCUMENTS\VISUAL STUDIO 2012\PROJECTS\SOE\SOE\DEBUG\GAME.OBJ
C:\USERS\Админ\DOCUMENTS\VISUAL STUDIO 2012\PROJECTS\SOE\SOE\DEBUG\LOADGAME.OBJ
C:\USERS\Админ\DOCUMENTS\VISUAL STUDIO 2012\PROJECTS\SOE\SOE\DEBUG\MAINWINDOW.OBJ
C:\USERS\Админ\DOCUMENTS\VISUAL STUDIO 2012\PROJECTS\SOE\SOE\DEBUG\MYAPP.OBJ
C:\USERS\Админ\DOCUMENTS\VISUAL STUDIO 2012\PROJECTS\SOE\SOE\DEBUG\LANGUAGE.OBJ
C:\USERS\Админ\DOCUMENTS\VISUAL STUDIO 2012\PROJECTS\SOE\SOE\DEBUG\USER.OBJ
C:\USERS\АДМИН\DOCUMENTS\VISUAL STUDIO 2012\PROJECTS\SOE\SOE\DEBUG\VC110.PDB
C:\USERS\Админ\DOCUMENTS\VISUAL STUDIO 2012\PROJECTS\SOE\SOE\DEBUG\GAMESCENE.OBJ
C:\USERS\Админ\DOCUMENTS\VISUAL STUDIO 2012\PROJECTS\SOE\DEBUG\SOE.ILK
C:\USERS\Админ\DOCUMENTS\VISUAL STUDIO 2012\PROJECTS\SOE\DEBUG\SOE.EXE
C:\USERS\АДМИН\DOCUMENTS\VISUAL STUDIO 2012\PROJECTS\SOE\DEBUG\SOE.PDB
C:\Users\Админ\Documents\Visual Studio 2012\Projects\SoE\SoE\Debug\DialogForNewGame.obj
C:\Users\Админ\Documents\Visual Studio 2012\Projects\SoE\SoE\Debug\Game.obj
C:\Users\Админ\Documents\Visual Studio 2012\Projects\SoE\SoE\Debug\GameScene.obj
C:\Users\Админ\Documents\Visual Studio 2012\Projects\SoE\SoE\Debug\Language.obj
C:\Users\Админ\Documents\Visual Studio 2012\Projects\SoE\SoE\Debug\Level.obj
C:\Users\Админ\Documents\Visual Studio 2012\Projects\SoE\SoE\Debug\LoadGame.obj
C:\Users\Админ\Documents\Visual Studio 2012\Projects\SoE\SoE\Debug\MainWindow.obj
C:\Users\Админ\Documents\Visual Studio 2012\Projects\SoE\SoE\Debug\MyApp.obj
C:\Users\Админ\Documents\Visual Studio 2012\Projects\SoE\SoE\Debug\User.obj
C:\Users\Админ\Documents\Visual Studio 2012\Projects\SoE\SoE\Debug\cl.command.1.tlog
C:\Users\Админ\Documents\Visual Studio 2012\Projects\SoE\SoE\Debug\CL.read.1.tlog
C:\Users\Админ\Documents\Visual Studio 2012\Projects\SoE\SoE\Debug\CL.write.1.tlog
C:\Users\Админ\Documents\Visual Studio 2012\Projects\SoE\SoE\Debug\link-cvtres.read.1.tlog
C:\Users\Админ\Documents\Visual Studio 2012\Projects\SoE\SoE\Debug\link-cvtres.write.1.tlog
C:\Users\Админ\Documents\Visual Studio 2012\Projects\SoE\SoE\Debug\link-rc.read.1.tlog
C:\Users\Админ\Documents\Visual Studio 2012\Projects\SoE\SoE\Debug\link-rc.write.1.tlog
C:\Users\Админ\Documents\Visual Studio 2012\Projects\SoE\SoE\Debug\link.2256-cvtres.read.1.tlog
C:\Users\Админ\Documents\Visual Studio 2012\Projects\SoE\SoE\Debug\link.2256-cvtres.write.1.tlog
C:\Users\Админ\Documents\Visual Studio 2012\Projects\SoE\SoE\Debug\link.2256-rc.read.1.tlog
C:\Users\Админ\Documents\Visual Studio 2012\Projects\SoE\SoE\Debug\link.2256-rc.write.1.tlog
C:\Users\Админ\Documents\Visual Studio 2012\Projects\SoE\SoE\Debug\link.2256.read.1.tlog
C:\Users\Админ\Documents\Visual Studio 2012\Projects\SoE\SoE\Debug\link.2256.write.1.tlog
C:\Users\Админ\Documents\Visual Studio 2012\Projects\SoE\SoE\Debug\link.2308-cvtres.read.1.tlog
C:\Users\Админ\Documents\Visual Studio 2012\Projects\SoE\SoE\Debug\link.2308-cvtres.write.1.tlog
C:\Users\Админ\Documents\Visual Studio 2012\Projects\SoE\SoE\Debug\link.2308-rc.read.1.tlog
C:\Users\Админ\Documents\Visual Studio 2012\Projects\SoE\SoE\Debug\link.2308-rc.write.1.tlog
C:\Users\Админ\Documents\Visual Studio 2012\Projects\SoE\SoE\Debug\link.2308.read.1.tlog
C:\Users\Админ\Documents\Visual Studio 2012\Projects\SoE\SoE\Debug\link.2308.write.1.tlog
C:\Users\Админ\Documents\Visual Studio 2012\Projects\SoE\SoE\Debug\link.2540-cvtres.read.1.tlog
C:\Users\Админ\Documents\Visual Studio 2012\Projects\SoE\SoE\Debug\link.2540-cvtres.write.1.tlog
C:\Users\Админ\Documents\Visual Studio 2012\Projects\SoE\SoE\Debug\link.2540-rc.read.1.tlog
C:\Users\Админ\Documents\Visual Studio 2012\Projects\SoE\SoE\Debug\link.2540-rc.write.1.tlog
C:\Users\Админ\Documents\Visual Studio 2012\Projects\SoE\SoE\Debug\link.2540.read.1.tlog
C:\Users\Админ\Documents\Visual Studio 2012\Projects\SoE\SoE\Debug\link.2540.write.1.tlog
C:\Users\Админ\Documents\Visual Studio 2012\Projects\SoE\SoE\Debug\link.2848-cvtres.read.1.tlog
C:\Users\Админ\Documents\Visual Studio 2012\Projects\SoE\SoE\Debug\link.2848-cvtres.write.1.tlog
C:\Users\Админ\Documents\Visual Studio 2012\Projects\SoE\SoE\Debug\link.2848-rc.read.1.tlog
C:\Users\Админ\Documents\Visual Studio 2012\Projects\SoE\SoE\Debug\link.2848-rc.write.1.tlog
C:\Users\Админ\Documents\Visual Studio 2012\Projects\SoE\SoE\Debug\link.2848.read.1.tlog
C:\Users\Админ\Documents\Visual Studio 2012\Projects\SoE\SoE\Debug\link.2848.write.1.tlog
C:\Users\Админ\Documents\Visual Studio 2012\Projects\SoE\SoE\Debug\link.3044-cvtres.read.1.tlog
C:\Users\Админ\Documents\Visual Studio 2012\Projects\SoE\SoE\Debug\link.3044-cvtres.write.1.tlog
C:\Users\Админ\Documents\Visual Studio 2012\Projects\SoE\SoE\Debug\link.3044-rc.read.1.tlog
C:\Users\Админ\Documents\Visual Studio 2012\Projects\SoE\SoE\Debug\link.3044-rc.write.1.tlog
C:\Users\Админ\Documents\Visual Studio 2012\Projects\SoE\SoE\Debug\link.3044.read.1.tlog
C:\Users\Админ\Documents\Visual Studio 2012\Projects\SoE\SoE\Debug\link.3044.write.1.tlog
C:\Users\Админ\Documents\Visual Studio 2012\Projects\SoE\SoE\Debug\link.3396-cvtres.read.1.tlog
C:\Users\Админ\Documents\Visual Studio 2012\Projects\SoE\SoE\Debug\link.3396-cvtres.write.1.tlog
C:\Users\Админ\Documents\Visual Studio 2012\Projects\SoE\SoE\Debug\link.3396-rc.read.1.tlog
C:\Users\Админ\Documents\Visual Studio 2012\Projects\SoE\SoE\Debug\link.3396-rc.write.1.tlog
C:\Users\Админ\Documents\Visual Studio 2012\Projects\SoE\SoE\Debug\link.3396.read.1.tlog
C:\Users\Админ\Documents\Visual Studio 2012\Projects\SoE\SoE\Debug\link.3396.write.1.tlog
C:\Users\Админ\Documents\Visual Studio 2012\Projects\SoE\SoE\Debug\link.3464-cvtres.read.1.tlog
C:\Users\Админ\Documents\Visual Studio 2012\Projects\SoE\SoE\Debug\link.3464-cvtres.write.1.tlog
C:\Users\Админ\Documents\Visual Studio 2012\Projects\SoE\SoE\Debug\link.3464-rc.read.1.tlog
C:\Users\Админ\Documents\Visual Studio 2012\Projects\SoE\SoE\Debug\link.3464-rc.write.1.tlog
C:\Users\Админ\Documents\Visual Studio 2012\Projects\SoE\SoE\Debug\link.3464.read.1.tlog
C:\Users\Админ\Documents\Visual Studio 2012\Projects\SoE\SoE\Debug\link.3464.write.1.tlog
C:\Users\Админ\Documents\Visual Studio 2012\Projects\SoE\SoE\Debug\link.3696-cvtres.read.1.tlog
C:\Users\Админ\Documents\Visual Studio 2012\Projects\SoE\SoE\Debug\link.3696-cvtres.write.1.tlog
C:\Users\Админ\Documents\Visual Studio 2012\Projects\SoE\SoE\Debug\link.3696-rc.read.1.tlog
C:\Users\Админ\Documents\Visual Studio 2012\Projects\SoE\SoE\Debug\link.3696-rc.write.1.tlog
C:\Users\Админ\Documents\Visual Studio 2012\Projects\SoE\SoE\Debug\link.3696.read.1.tlog
C:\Users\Админ\Documents\Visual Studio 2012\Projects\SoE\SoE\Debug\link.3696.write.1.tlog
C:\Users\Админ\Documents\Visual Studio 2012\Projects\SoE\SoE\Debug\link.4268-cvtres.read.1.tlog
C:\Users\Админ\Documents\Visual Studio 2012\Projects\SoE\SoE\Debug\link.4268-cvtres.write.1.tlog
C:\Users\Админ\Documents\Visual Studio 2012\Projects\SoE\SoE\Debug\link.4268-rc.read.1.tlog
C:\Users\Админ\Documents\Visual Studio 2012\Projects\SoE\SoE\Debug\link.4268-rc.write.1.tlog
C:\Users\Админ\Documents\Visual Studio 2012\Projects\SoE\SoE\Debug\link.4268.read.1.tlog
C:\Users\Админ\Documents\Visual Studio 2012\Projects\SoE\SoE\Debug\link.4268.write.1.tlog
C:\Users\Админ\Documents\Visual Studio 2012\Projects\SoE\SoE\Debug\link.4452-cvtres.read.1.tlog
C:\Users\Админ\Documents\Visual Studio 2012\Projects\SoE\SoE\Debug\link.4452-cvtres.write.1.tlog
C:\Users\Админ\Documents\Visual Studio 2012\Projects\SoE\SoE\Debug\link.4452-rc.read.1.tlog
C:\Users\Админ\Documents\Visual Studio 2012\Projects\SoE\SoE\Debug\link.4452-rc.write.1.tlog
C:\Users\Админ\Documents\Visual Studio 2012\Projects\SoE\SoE\Debug\link.4452.read.1.tlog
C:\Users\Админ\Documents\Visual Studio 2012\Projects\SoE\SoE\Debug\link.4452.write.1.tlog
C:\Users\Админ\Documents\Visual Studio 2012\Projects\SoE\SoE\Debug\link.4528-cvtres.read.1.tlog
C:\Users\Админ\Documents\Visual Studio 2012\Projects\SoE\SoE\Debug\link.4528-cvtres.write.1.tlog
C:\Users\Админ\Documents\Visual Studio 2012\Projects\SoE\SoE\Debug\link.4528-rc.read.1.tlog
C:\Users\Админ\Documents\Visual Studio 2012\Projects\SoE\SoE\Debug\link.4528-rc.write.1.tlog
C:\Users\Админ\Documents\Visual Studio 2012\Projects\SoE\SoE\Debug\link.4528.read.1.tlog
C:\Users\Админ\Documents\Visual Studio 2012\Projects\SoE\SoE\Debug\link.4528.write.1.tlog
C:\Users\Админ\Documents\Visual Studio 2012\Projects\SoE\SoE\Debug\link.4568-cvtres.read.1.tlog
C:\Users\Админ\Documents\Visual Studio 2012\Projects\SoE\SoE\Debug\link.4568-cvtres.write.1.tlog
C:\Users\Админ\Documents\Visual Studio 2012\Projects\SoE\SoE\Debug\link.4568-rc.read.1.tlog
C:\Users\Админ\Documents\Visual Studio 2012\Projects\SoE\SoE\Debug\link.4568-rc.write.1.tlog
C:\Users\Админ\Documents\Visual Studio 2012\Projects\SoE\SoE\Debug\link.4568.read.1.tlog
C:\Users\Админ\Documents\Visual Studio 2012\Projects\SoE\SoE\Debug\link.4568.write.1.tlog
C:\Users\Админ\Documents\Visual Studio 2012\Projects\SoE\SoE\Debug\link.4688-cvtres.read.1.tlog
C:\Users\Админ\Documents\Visual Studio 2012\Projects\SoE\SoE\Debug\link.4688-cvtres.write.1.tlog
C:\Users\Админ\Documents\Visual Studio 2012\Projects\SoE\SoE\Debug\link.4688-rc.read.1.tlog
C:\Users\Админ\Documents\Visual Studio 2012\Projects\SoE\SoE\Debug\link.4688-rc.write.1.tlog
C:\Users\Админ\Documents\Visual Studio 2012\Projects\SoE\SoE\Debug\link.4688.read.1.tlog
C:\Users\Админ\Documents\Visual Studio 2012\Projects\SoE\SoE\Debug\link.4688.write.1.tlog
C:\Users\Админ\Documents\Visual Studio 2012\Projects\SoE\SoE\Debug\link.4884-cvtres.read.1.tlog
C:\Users\Админ\Documents\Visual Studio 2012\Projects\SoE\SoE\Debug\link.4884-cvtres.write.1.tlog
C:\Users\Админ\Documents\Visual Studio 2012\Projects\SoE\SoE\Debug\link.4884-rc.read.1.tlog
C:\Users\Админ\Documents\Visual Studio 2012\Projects\SoE\SoE\Debug\link.4884-rc.write.1.tlog
C:\Users\Админ\Documents\Visual Studio 2012\Projects\SoE\SoE\Debug\link.4884.read.1.tlog
C:\Users\Админ\Documents\Visual Studio 2012\Projects\SoE\SoE\Debug\link.4884.write.1.tlog
C:\Users\Админ\Documents\Visual Studio 2012\Projects\SoE\SoE\Debug\link.5376-cvtres.read.1.tlog
C:\Users\Админ\Documents\Visual Studio 2012\Projects\SoE\SoE\Debug\link.5376-cvtres.write.1.tlog
C:\Users\Админ\Documents\Visual Studio 2012\Projects\SoE\SoE\Debug\link.5376-rc.read.1.tlog
C:\Users\Админ\Documents\Visual Studio 2012\Projects\SoE\SoE\Debug\link.5376-rc.write.1.tlog
C:\Users\Админ\Documents\Visual Studio 2012\Projects\SoE\SoE\Debug\link.5376.read.1.tlog
C:\Users\Админ\Documents\Visual Studio 2012\Projects\SoE\SoE\Debug\link.5376.write.1.tlog
C:\Users\Админ\Documents\Visual Studio 2012\Projects\SoE\SoE\Debug\link.5536-cvtres.read.1.tlog
C:\Users\Админ\Documents\Visual Studio 2012\Projects\SoE\SoE\Debug\link.5536-cvtres.write.1.tlog
C:\Users\Админ\Documents\Visual Studio 2012\Projects\SoE\SoE\Debug\link.5536-rc.read.1.tlog
C:\Users\Админ\Documents\Visual Studio 2012\Projects\SoE\SoE\Debug\link.5536-rc.write.1.tlog
C:\Users\Админ\Documents\Visual Studio 2012\Projects\SoE\SoE\Debug\link.5536.read.1.tlog
C:\Users\Админ\Documents\Visual Studio 2012\Projects\SoE\SoE\Debug\link.5536.write.1.tlog
C:\Users\Админ\Documents\Visual Studio 2012\Projects\SoE\SoE\Debug\link.5552-cvtres.read.1.tlog
C:\Users\Админ\Documents\Visual Studio 2012\Projects\SoE\SoE\Debug\link.5552-cvtres.write.1.tlog
C:\Users\Админ\Documents\Visual Studio 2012\Projects\SoE\SoE\Debug\link.5552-rc.read.1.tlog
C:\Users\Админ\Documents\Visual Studio 2012\Projects\SoE\SoE\Debug\link.5552-rc.write.1.tlog
C:\Users\Админ\Documents\Visual Studio 2012\Projects\SoE\SoE\Debug\link.5552.read.1.tlog
C:\Users\Админ\Documents\Visual Studio 2012\Projects\SoE\SoE\Debug\link.5552.write.1.tlog
C:\Users\Админ\Documents\Visual Studio 2012\Projects\SoE\SoE\Debug\link.5672-cvtres.read.1.tlog
C:\Users\Админ\Documents\Visual Studio 2012\Projects\SoE\SoE\Debug\link.5672-cvtres.write.1.tlog
C:\Users\Админ\Documents\Visual Studio 2012\Projects\SoE\SoE\Debug\link.5672-rc.read.1.tlog
C:\Users\Админ\Documents\Visual Studio 2012\Projects\SoE\SoE\Debug\link.5672-rc.write.1.tlog
C:\Users\Админ\Documents\Visual Studio 2012\Projects\SoE\SoE\Debug\link.5672.read.1.tlog
C:\Users\Админ\Documents\Visual Studio 2012\Projects\SoE\SoE\Debug\link.5672.write.1.tlog
C:\Users\Админ\Documents\Visual Studio 2012\Projects\SoE\SoE\Debug\link.5688-cvtres.read.1.tlog
C:\Users\Админ\Documents\Visual Studio 2012\Projects\SoE\SoE\Debug\link.5688-cvtres.write.1.tlog
C:\Users\Админ\Documents\Visual Studio 2012\Projects\SoE\SoE\Debug\link.5688-rc.read.1.tlog
C:\Users\Админ\Documents\Visual Studio 2012\Projects\SoE\SoE\Debug\link.5688-rc.write.1.tlog
C:\Users\Админ\Documents\Visual Studio 2012\Projects\SoE\SoE\Debug\link.5688.read.1.tlog
C:\Users\Админ\Documents\Visual Studio 2012\Projects\SoE\SoE\Debug\link.5688.write.1.tlog
C:\Users\Админ\Documents\Visual Studio 2012\Projects\SoE\SoE\Debug\link.5748-cvtres.read.1.tlog
C:\Users\Админ\Documents\Visual Studio 2012\Projects\SoE\SoE\Debug\link.5748-cvtres.write.1.tlog
C:\Users\Админ\Documents\Visual Studio 2012\Projects\SoE\SoE\Debug\link.5748-rc.read.1.tlog
C:\Users\Админ\Documents\Visual Studio 2012\Projects\SoE\SoE\Debug\link.5748-rc.write.1.tlog
C:\Users\Админ\Documents\Visual Studio 2012\Projects\SoE\SoE\Debug\link.5748.read.1.tlog
C:\Users\Админ\Documents\Visual Studio 2012\Projects\SoE\SoE\Debug\link.5748.write.1.tlog
C:\Users\Админ\Documents\Visual Studio 2012\Projects\SoE\SoE\Debug\link.5960-cvtres.read.1.tlog
C:\Users\Админ\Documents\Visual Studio 2012\Projects\SoE\SoE\Debug\link.5960-cvtres.write.1.tlog
C:\Users\Админ\Documents\Visual Studio 2012\Projects\SoE\SoE\Debug\link.5960-rc.read.1.tlog
C:\Users\Админ\Documents\Visual Studio 2012\Projects\SoE\SoE\Debug\link.5960-rc.write.1.tlog
C:\Users\Админ\Documents\Visual Studio 2012\Projects\SoE\SoE\Debug\link.5960.read.1.tlog
C:\Users\Админ\Documents\Visual Studio 2012\Projects\SoE\SoE\Debug\link.5960.write.1.tlog
C:\Users\Админ\Documents\Visual Studio 2012\Projects\SoE\SoE\Debug\link.6124-cvtres.read.1.tlog
C:\Users\Админ\Documents\Visual Studio 2012\Projects\SoE\SoE\Debug\link.6124-cvtres.write.1.tlog
C:\Users\Админ\Documents\Visual Studio 2012\Projects\SoE\SoE\Debug\link.6124-rc.read.1.tlog
C:\Users\Админ\Documents\Visual Studio 2012\Projects\SoE\SoE\Debug\link.6124-rc.write.1.tlog
C:\Users\Админ\Documents\Visual Studio 2012\Projects\SoE\SoE\Debug\link.6124.read.1.tlog
C:\Users\Админ\Documents\Visual Studio 2012\Projects\SoE\SoE\Debug\link.6124.write.1.tlog
C:\Users\Админ\Documents\Visual Studio 2012\Projects\SoE\SoE\Debug\link.6444-cvtres.read.1.tlog
C:\Users\Админ\Documents\Visual Studio 2012\Projects\SoE\SoE\Debug\link.6444-cvtres.write.1.tlog
C:\Users\Админ\Documents\Visual Studio 2012\Projects\SoE\SoE\Debug\link.6444-rc.read.1.tlog
C:\Users\Админ\Documents\Visual Studio 2012\Projects\SoE\SoE\Debug\link.6444-rc.write.1.tlog
C:\Users\Админ\Documents\Visual Studio 2012\Projects\SoE\SoE\Debug\link.6444.read.1.tlog
C:\Users\Админ\Documents\Visual Studio 2012\Projects\SoE\SoE\Debug\link.6444.write.1.tlog
C:\Users\Админ\Documents\Visual Studio 2012\Projects\SoE\SoE\Debug\link.6744-cvtres.read.1.tlog
C:\Users\Админ\Documents\Visual Studio 2012\Projects\SoE\SoE\Debug\link.6744-cvtres.write.1.tlog
C:\Users\Админ\Documents\Visual Studio 2012\Projects\SoE\SoE\Debug\link.6744-rc.read.1.tlog
C:\Users\Админ\Documents\Visual Studio 2012\Projects\SoE\SoE\Debug\link.6744-rc.write.1.tlog
C:\Users\Админ\Documents\Visual Studio 2012\Projects\SoE\SoE\Debug\link.6744.read.1.tlog
C:\Users\Админ\Documents\Visual Studio 2012\Projects\SoE\SoE\Debug\link.6744.write.1.tlog
C:\Users\Админ\Documents\Visual Studio 2012\Projects\SoE\SoE\Debug\link.7164-cvtres.read.1.tlog
C:\Users\Админ\Documents\Visual Studio 2012\Projects\SoE\SoE\Debug\link.7164-cvtres.write.1.tlog
C:\Users\Админ\Documents\Visual Studio 2012\Projects\SoE\SoE\Debug\link.7164-rc.read.1.tlog
C:\Users\Админ\Documents\Visual Studio 2012\Projects\SoE\SoE\Debug\link.7164-rc.write.1.tlog
C:\Users\Админ\Documents\Visual Studio 2012\Projects\SoE\SoE\Debug\link.7164.read.1.tlog
C:\Users\Админ\Documents\Visual Studio 2012\Projects\SoE\SoE\Debug\link.7164.write.1.tlog
C:\Users\Админ\Documents\Visual Studio 2012\Projects\SoE\SoE\Debug\link.7568-cvtres.read.1.tlog
C:\Users\Админ\Documents\Visual Studio 2012\Projects\SoE\SoE\Debug\link.7568-cvtres.write.1.tlog
C:\Users\Админ\Documents\Visual Studio 2012\Projects\SoE\SoE\Debug\link.7568-rc.read.1.tlog
C:\Users\Админ\Documents\Visual Studio 2012\Projects\SoE\SoE\Debug\link.7568-rc.write.1.tlog
C:\Users\Админ\Documents\Visual Studio 2012\Projects\SoE\SoE\Debug\link.7568.read.1.tlog
C:\Users\Админ\Documents\Visual Studio 2012\Projects\SoE\SoE\Debug\link.7568.write.1.tlog
C:\Users\Админ\Documents\Visual Studio 2012\Projects\SoE\SoE\Debug\link.7824-cvtres.read.1.tlog
C:\Users\Админ\Documents\Visual Studio 2012\Projects\SoE\SoE\Debug\link.7824-cvtres.write.1.tlog
C:\Users\Админ\Documents\Visual Studio 2012\Projects\SoE\SoE\Debug\link.7824-rc.read.1.tlog
C:\Users\Админ\Documents\Visual Studio 2012\Projects\SoE\SoE\Debug\link.7824-rc.write.1.tlog
C:\Users\Админ\Documents\Visual Studio 2012\Projects\SoE\SoE\Debug\link.7824.read.1.tlog
C:\Users\Админ\Documents\Visual Studio 2012\Projects\SoE\SoE\Debug\link.7824.write.1.tlog
C:\Users\Админ\Documents\Visual Studio 2012\Projects\SoE\SoE\Debug\link.7864-cvtres.read.1.tlog
C:\Users\Админ\Documents\Visual Studio 2012\Projects\SoE\SoE\Debug\link.7864-cvtres.write.1.tlog
C:\Users\Админ\Documents\Visual Studio 2012\Projects\SoE\SoE\Debug\link.7864-rc.read.1.tlog
C:\Users\Админ\Documents\Visual Studio 2012\Projects\SoE\SoE\Debug\link.7864-rc.write.1.tlog
C:\Users\Админ\Documents\Visual Studio 2012\Projects\SoE\SoE\Debug\link.7864.read.1.tlog
C:\Users\Админ\Documents\Visual Studio 2012\Projects\SoE\SoE\Debug\link.7864.write.1.tlog
C:\Users\Админ\Documents\Visual Studio 2012\Projects\SoE\SoE\Debug\link.8020-cvtres.read.1.tlog
C:\Users\Админ\Documents\Visual Studio 2012\Projects\SoE\SoE\Debug\link.8020-cvtres.write.1.tlog
C:\Users\Админ\Documents\Visual Studio 2012\Projects\SoE\SoE\Debug\link.8020-rc.read.1.tlog
C:\Users\Админ\Documents\Visual Studio 2012\Projects\SoE\SoE\Debug\link.8020-rc.write.1.tlog
C:\Users\Админ\Documents\Visual Studio 2012\Projects\SoE\SoE\Debug\link.8020.read.1.tlog
C:\Users\Админ\Documents\Visual Studio 2012\Projects\SoE\SoE\Debug\link.8020.write.1.tlog
C:\Users\Админ\Documents\Visual Studio 2012\Projects\SoE\SoE\Debug\link.8104-cvtres.read.1.tlog
C:\Users\Админ\Documents\Visual Studio 2012\Projects\SoE\SoE\Debug\link.8104-cvtres.write.1.tlog
C:\Users\Админ\Documents\Visual Studio 2012\Projects\SoE\SoE\Debug\link.8104-rc.read.1.tlog
C:\Users\Админ\Documents\Visual Studio 2012\Projects\SoE\SoE\Debug\link.8104-rc.write.1.tlog
C:\Users\Админ\Documents\Visual Studio 2012\Projects\SoE\SoE\Debug\link.8104.read.1.tlog
C:\Users\Админ\Documents\Visual Studio 2012\Projects\SoE\SoE\Debug\link.8104.write.1.tlog
C:\Users\Админ\Documents\Visual Studio 2012\Projects\SoE\SoE\Debug\link.8156-cvtres.read.1.tlog
C:\Users\Админ\Documents\Visual Studio 2012\Projects\SoE\SoE\Debug\link.8156-cvtres.write.1.tlog
C:\Users\Админ\Documents\Visual Studio 2012\Projects\SoE\SoE\Debug\link.8156-rc.read.1.tlog
C:\Users\Админ\Documents\Visual Studio 2012\Projects\SoE\SoE\Debug\link.8156-rc.write.1.tlog
C:\Users\Админ\Documents\Visual Studio 2012\Projects\SoE\SoE\Debug\link.8156.read.1.tlog
C:\Users\Админ\Documents\Visual Studio 2012\Projects\SoE\SoE\Debug\link.8156.write.1.tlog
C:\Users\Админ\Documents\Visual Studio 2012\Projects\SoE\SoE\Debug\link.command.1.tlog
C:\Users\Админ\Documents\Visual Studio 2012\Projects\SoE\SoE\Debug\link.read.1.tlog
C:\Users\Админ\Documents\Visual Studio 2012\Projects\SoE\SoE\Debug\link.write.1.tlog
C:\Users\Админ\Documents\Visual Studio 2012\Projects\SoE\SoE\Debug\vc110.idb
C:\Users\Админ\Documents\Visual Studio 2012\Projects\SoE\SoE\Debug\vc110.pdb
C:\Users\Админ\Documents\Visual Studio 2012\Projects\SoE\Debug\SoE.pdb
C:\Users\Админ\Documents\Visual Studio 2012\Projects\SoE\Debug\SoE.exe
C:\Users\Админ\Documents\Visual Studio 2012\Projects\SoE\Debug\SoE.ilk
