Build started 09.05.2014 19:10:05.
     1>Project "C:\Users\Админ\Documents\Visual Studio 2012\Projects\SoE\SOE\SoE.vcxproj" on node 2 (Build target(s)).
     1>ClCompile:
         C:\Program Files\Microsoft Visual Studio 11.0\VC\bin\CL.exe /c /IC:\wxWidgets3\include /IC:\wxWidgets3\lib\vc_lib\mswud /ZI /nologo /W3 /WX- /Od /Oy- /D WIN32 /D _DEBUG /D __WXMSW__ /D __WXDEBUG__ /D _WINDOWS /D NOPCH /D _UNICODE /D UNICODE /Gm /EHsc /RTC1 /MDd /GS /fp:precise /Zc:wchar_t /Zc:forScope /Fo"Debug\\" /Fd"Debug\vc110.pdb" /Gd /TP /analyze- /errorReport:prompt Game\Core\Model.cpp Game\GUI\Game.cpp
         Game.cpp
     1>c:\users\админ\documents\visual studio 2012\projects\soe\soe\game\gui\game.cpp(90): error C2360: initialization of 'a' is skipped by 'case' label
                 c:\users\админ\documents\visual studio 2012\projects\soe\soe\game\gui\game.cpp(86) : see declaration of 'a'
     1>c:\users\админ\documents\visual studio 2012\projects\soe\soe\game\gui\game.cpp(90): error C2360: initialization of 'msg' is skipped by 'case' label
                 c:\users\админ\documents\visual studio 2012\projects\soe\soe\game\gui\game.cpp(85) : see declaration of 'msg'
     1>c:\users\админ\documents\visual studio 2012\projects\soe\soe\game\gui\game.cpp(103): error C2360: initialization of 'a' is skipped by 'case' label
                 c:\users\админ\documents\visual studio 2012\projects\soe\soe\game\gui\game.cpp(86) : see declaration of 'a'
     1>c:\users\админ\documents\visual studio 2012\projects\soe\soe\game\gui\game.cpp(103): error C2360: initialization of 'msg' is skipped by 'case' label
                 c:\users\админ\documents\visual studio 2012\projects\soe\soe\game\gui\game.cpp(85) : see declaration of 'msg'
     1>c:\users\админ\documents\visual studio 2012\projects\soe\soe\game\gui\game.cpp(117): error C2361: initialization of 'a' is skipped by 'default' label
                 c:\users\админ\documents\visual studio 2012\projects\soe\soe\game\gui\game.cpp(86) : see declaration of 'a'
     1>c:\users\админ\documents\visual studio 2012\projects\soe\soe\game\gui\game.cpp(117): error C2361: initialization of 'msg' is skipped by 'default' label
                 c:\users\админ\documents\visual studio 2012\projects\soe\soe\game\gui\game.cpp(85) : see declaration of 'msg'
         Model.cpp
     1>c:\users\админ\documents\visual studio 2012\projects\soe\soe\game\core\model.cpp(57): warning C4018: '<' : signed/unsigned mismatch
     1>c:\users\админ\documents\visual studio 2012\projects\soe\soe\game\core\model.cpp(99): warning C4018: '<' : signed/unsigned mismatch
     1>c:\users\админ\documents\visual studio 2012\projects\soe\soe\game\core\model.cpp(378): warning C4018: '<' : signed/unsigned mismatch
         Generating Code...
     1>c:\users\админ\documents\visual studio 2012\projects\soe\soe\game\core\model.cpp(402): warning C4715: 'Model::FindPositionForPlayer' : not all control paths return a value
     1>Done Building Project "C:\Users\Админ\Documents\Visual Studio 2012\Projects\SoE\SOE\SoE.vcxproj" (Build target(s)) -- FAILED.

Build FAILED.

Time Elapsed 00:00:15.41
